krylov_tolerance : 1.000000e-02,  des_tol : 1.000000e-06
initial grad_norm : 7.091280e+09,  target grad_norm : 7.091280e+03
initial feas_norm : 6.985591e+04,  target feas_norm : 6.985591e-02
-------------------------------------------------------------
nonlinear iteration : 1
current obj : 5.869344e+08, grad_norm : 7.091280e+09, feas_norm: 6.985591e+04
krylov_tol : 9.500000e-03 
-------------------------------------------------------------
nonlinear iteration : 2
current obj : 6.328459e+03, grad_norm : 1.231741e+05, feas_norm: 5.511426e-01
krylov_tol : 5.469262e-02 
-------------------------------------------------------------
nonlinear iteration : 3
current obj : 1.762993e+03, grad_norm : 3.639839e+04, feas_norm: 5.854929e-01
krylov_tol : 1.133457e-01 
-------------------------------------------------------------
nonlinear iteration : 4
current obj : 1.573230e+03, grad_norm : 1.137442e+04, feas_norm: 1.344092e+00
krylov_tol : 4.937392e-02 
-------------------------------------------------------------
nonlinear iteration : 5
current obj : 1.573099e+03, grad_norm : 9.807051e+03, feas_norm: 1.389763e+00
krylov_tol : 4.775139e-02 
-------------------------------------------------------------
nonlinear iteration : 6
current obj : 2.035065e+03, grad_norm : 2.968350e+04, feas_norm: 6.044476e-01
krylov_tol : 1.097913e-01 
-------------------------------------------------------------
nonlinear iteration : 7
current obj : 7.563453e+03, grad_norm : 1.548293e+05, feas_norm: 2.029009e-01
krylov_tol : 4.351060e-02 
-------------------------------------------------------------
nonlinear iteration : 8
current obj : 1.453108e+04, grad_norm : 2.821446e+05, feas_norm: 2.051101e-01
krylov_tol : 2.387682e-02 
-------------------------------------------------------------
nonlinear iteration : 9
current obj : 1.783353e+04, grad_norm : 2.252011e+05, feas_norm: 2.466770e-01
krylov_tol : 2.991422e-02 
-------------------------------------------------------------
nonlinear iteration : 10
current obj : 2.478412e+04, grad_norm : 4.017986e+05, feas_norm: 5.695890e-04
krylov_tol : 1.676640e-02 
-------------------------------------------------------------
nonlinear iteration : 11
current obj : 1.944739e+04, grad_norm : 2.130234e+05, feas_norm: 1.206994e-01
krylov_tol : 3.162430e-02 
-------------------------------------------------------------
nonlinear iteration : 12
current obj : 2.489218e+04, grad_norm : 3.971133e+05, feas_norm: 4.532502e-06
krylov_tol : 1.696422e-02 
-------------------------------------------------------------
nonlinear iteration : 13
current obj : 2.477740e+04, grad_norm : 3.985408e+05, feas_norm: 2.401297e-02
krylov_tol : 1.690345e-02 
-------------------------------------------------------------
nonlinear iteration : 14
current obj : 2.487802e+04, grad_norm : 3.979823e+05, feas_norm: 8.521093e-06
krylov_tol : 1.692718e-02 
-------------------------------------------------------------
nonlinear iteration : 15
current obj : 2.476379e+04, grad_norm : 3.971106e+05, feas_norm: 1.008819e-01
krylov_tol : 1.696433e-02 
-------------------------------------------------------------
nonlinear iteration : 16
current obj : 1.949161e+04, grad_norm : 2.045334e+05, feas_norm: 1.216349e-01
krylov_tol : 3.293700e-02 
-------------------------------------------------------------
nonlinear iteration : 17
current obj : 2.991310e+04, grad_norm : 4.239274e+07, feas_norm: 2.217768e-01
krylov_tol : 7.345258e-04 
-------------------------------------------------------------
nonlinear iteration : 18
current obj : 1.948914e+04, grad_norm : 2.168798e+05, feas_norm: 2.499524e-01
krylov_tol : 3.106199e-02 
-------------------------------------------------------------
nonlinear iteration : 19
current obj : 3.647708e+05, grad_norm : 2.707599e+08, feas_norm: 4.722294e-01
krylov_tol : 1.856323e-03 
-------------------------------------------------------------
nonlinear iteration : 20
current obj : 5.704497e+08, grad_norm : 1.748608e+10, feas_norm: 2.173907e-01
krylov_tol : 9.500000e-03 
-------------------------------------------------------------
nonlinear iteration : 21
current obj : 2.913316e+04, grad_norm : 4.602593e+05, feas_norm: 2.050296e-01
krylov_tol : 1.463678e-02 
-------------------------------------------------------------
nonlinear iteration : 22
current obj : 1.149641e+06, grad_norm : 3.487698e+08, feas_norm: 1.309785e-01
krylov_tol : 2.106836e-03 
-------------------------------------------------------------
nonlinear iteration : 23
current obj : 6.295086e+04, grad_norm : 7.869692e+07, feas_norm: 1.189784e-01
krylov_tol : 1.000784e-03 
-------------------------------------------------------------
nonlinear iteration : 24
current obj : 1.578508e+06, grad_norm : 5.988241e+08, feas_norm: 9.558290e-02
krylov_tol : 2.760647e-03 
-------------------------------------------------------------
nonlinear iteration : 25
current obj : 2.897248e+07, grad_norm : 2.000759e+09, feas_norm: 3.581520e-01
krylov_tol : 5.046133e-03 
-------------------------------------------------------------
nonlinear iteration : 26
current obj : 8.403147e+07, grad_norm : 6.707303e+09, feas_norm: 1.419890e-01
krylov_tol : 9.239218e-03 
-------------------------------------------------------------
nonlinear iteration : 27
current obj : 7.398066e+07, grad_norm : 6.240432e+09, feas_norm: 9.733189e-02
krylov_tol : 8.911865e-03 
-------------------------------------------------------------
nonlinear iteration : 28
current obj : 2.234228e+07, grad_norm : 3.218903e+09, feas_norm: 1.195900e-01
krylov_tol : 6.400519e-03 
-------------------------------------------------------------
nonlinear iteration : 29
current obj : 2.794692e+07, grad_norm : 2.615279e+09, feas_norm: 1.722879e-01
krylov_tol : 5.769263e-03 
-------------------------------------------------------------
nonlinear iteration : 30
current obj : 6.344300e+07, grad_norm : 5.461900e+09, feas_norm: 2.265244e-01
krylov_tol : 8.337448e-03 
-------------------------------------------------------------
nonlinear iteration : 31
current obj : 3.493576e+08, grad_norm : 1.338206e+10, feas_norm: 2.858848e-01
krylov_tol : 9.500000e-03 
-------------------------------------------------------------
nonlinear iteration : 32
current obj : 9.016711e+07, grad_norm : 6.747096e+09, feas_norm: 2.787446e-01
krylov_tol : 9.266585e-03 
-------------------------------------------------------------
nonlinear iteration : 33
current obj : 6.686481e+08, grad_norm : 1.891961e+10, feas_norm: 1.170964e-01
krylov_tol : 9.500000e-03 
-------------------------------------------------------------
nonlinear iteration : 34
current obj : 1.775959e+08, grad_norm : 9.752187e+09, feas_norm: 1.533241e-01
krylov_tol : 9.500000e-03 
-------------------------------------------------------------
nonlinear iteration : 35
current obj : 1.422686e+09, grad_norm : 2.761680e+10, feas_norm: 2.026311e-01
krylov_tol : 9.500000e-03 
-------------------------------------------------------------
nonlinear iteration : 36
current obj : 7.608057e+08, grad_norm : 2.013571e+10, feas_norm: 6.562705e-01
krylov_tol : 9.500000e-03 
-------------------------------------------------------------
nonlinear iteration : 37
current obj : 2.594070e+09, grad_norm : 3.718820e+10, feas_norm: 1.130755e+00
krylov_tol : 9.500000e-03 
-------------------------------------------------------------
nonlinear iteration : 38
current obj : 2.693993e+09, grad_norm : 3.784483e+10, feas_norm: 2.456248e-01
krylov_tol : 9.500000e-03 
-------------------------------------------------------------
nonlinear iteration : 39
current obj : 5.164843e+09, grad_norm : 5.260616e+10, feas_norm: 1.934764e-01
krylov_tol : 9.500000e-03 
-------------------------------------------------------------
nonlinear iteration : 40
current obj : 3.094657e+09, grad_norm : 4.073076e+10, feas_norm: 7.915890e-02
krylov_tol : 9.500000e-03 
-------------------------------------------------------------
nonlinear iteration : 41
current obj : 3.087661e+09, grad_norm : 4.068657e+10, feas_norm: 6.146779e-02
krylov_tol : 9.500000e-03 
-------------------------------------------------------------
nonlinear iteration : 42
current obj : 3.141410e+09, grad_norm : 4.103925e+10, feas_norm: 3.879562e-02
krylov_tol : 9.500000e-03 
-------------------------------------------------------------
nonlinear iteration : 43
current obj : 3.912594e+09, grad_norm : 4.580068e+10, feas_norm: 2.695442e-02
krylov_tol : 9.500000e-03 
-------------------------------------------------------------
nonlinear iteration : 44
current obj : 4.644688e+09, grad_norm : 4.990233e+10, feas_norm: 2.372029e-02
krylov_tol : 9.500000e-03 
-------------------------------------------------------------
nonlinear iteration : 45
current obj : 4.745697e+09, grad_norm : 5.044128e+10, feas_norm: 1.181308e-02
krylov_tol : 9.500000e-03 
-------------------------------------------------------------
nonlinear iteration : 46
current obj : 4.949141e+09, grad_norm : 5.151184e+10, feas_norm: 7.968911e-03
krylov_tol : 9.500000e-03 
-------------------------------------------------------------
nonlinear iteration : 47
current obj : 4.671992e+09, grad_norm : 5.004860e+10, feas_norm: 5.985007e-03
krylov_tol : 9.500000e-03 
-------------------------------------------------------------
nonlinear iteration : 48
current obj : 3.759751e+09, grad_norm : 4.489756e+10, feas_norm: 1.693679e-03
krylov_tol : 9.500000e-03 
-------------------------------------------------------------
nonlinear iteration : 49
current obj : 3.762601e+09, grad_norm : 4.491456e+10, feas_norm: 1.025685e-03
krylov_tol : 9.500000e-03 
-------------------------------------------------------------
nonlinear iteration : 50
current obj : 3.775380e+09, grad_norm : 4.499077e+10, feas_norm: 5.049552e-04
krylov_tol : 9.500000e-03 
-------------------------------------------------------------
nonlinear iteration : 51
current obj : 4.163354e+09, grad_norm : 4.724629e+10, feas_norm: 3.037231e-04
krylov_tol : 9.500000e-03 
-------------------------------------------------------------
nonlinear iteration : 52
current obj : 4.161344e+09, grad_norm : 4.723488e+10, feas_norm: 2.514440e-04
krylov_tol : 9.500000e-03 
-------------------------------------------------------------
nonlinear iteration : 53
current obj : 4.164281e+09, grad_norm : 4.725154e+10, feas_norm: 1.064137e-04
krylov_tol : 9.500000e-03 
-------------------------------------------------------------
nonlinear iteration : 54
current obj : 4.165024e+09, grad_norm : 4.725576e+10, feas_norm: 8.436969e-05
krylov_tol : 9.500000e-03 
-------------------------------------------------------------
nonlinear iteration : 55
current obj : 4.163833e+09, grad_norm : 4.724900e+10, feas_norm: 6.530837e-05
krylov_tol : 9.500000e-03 
-------------------------------------------------------------
nonlinear iteration : 56
current obj : 3.121308e+09, grad_norm : 4.090787e+10, feas_norm: 3.311820e-05
krylov_tol : 9.500000e-03 
-------------------------------------------------------------
nonlinear iteration : 57
current obj : 3.121230e+09, grad_norm : 4.090737e+10, feas_norm: 2.233994e-05
krylov_tol : 9.500000e-03 
-------------------------------------------------------------
nonlinear iteration : 58
current obj : 3.504515e+09, grad_norm : 4.334665e+10, feas_norm: 1.719622e-05
krylov_tol : 9.500000e-03 
-------------------------------------------------------------
nonlinear iteration : 59
current obj : 3.504550e+09, grad_norm : 4.334687e+10, feas_norm: 9.153925e-06
krylov_tol : 9.500000e-03 
-------------------------------------------------------------
nonlinear iteration : 60
current obj : 3.504535e+09, grad_norm : 4.334677e+10, feas_norm: 5.219155e-06
krylov_tol : 9.500000e-03 
-------------------------------------------------------------
nonlinear iteration : 61
current obj : 2.991779e+09, grad_norm : 4.004976e+10, feas_norm: 4.912687e-06
krylov_tol : 9.500000e-03 
-------------------------------------------------------------
nonlinear iteration : 62
current obj : 2.991788e+09, grad_norm : 4.004983e+10, feas_norm: 4.727018e-06
krylov_tol : 9.500000e-03 
-------------------------------------------------------------
nonlinear iteration : 63
current obj : 2.991772e+09, grad_norm : 4.004972e+10, feas_norm: 1.736365e-06
krylov_tol : 9.500000e-03 
-------------------------------------------------------------
nonlinear iteration : 64
current obj : 2.991766e+09, grad_norm : 4.004968e+10, feas_norm: 1.365336e-06
krylov_tol : 9.500000e-03 
-------------------------------------------------------------
nonlinear iteration : 65
current obj : 2.991772e+09, grad_norm : 4.004971e+10, feas_norm: 1.078665e-06
krylov_tol : 9.500000e-03 
-------------------------------------------------------------
nonlinear iteration : 66
current obj : 2.991805e+09, grad_norm : 4.004993e+10, feas_norm: 6.581911e-07
krylov_tol : 9.500000e-03 
-------------------------------------------------------------
nonlinear iteration : 67
current obj : 3.068249e+09, grad_norm : 4.055844e+10, feas_norm: 9.439448e-07
krylov_tol : 9.500000e-03 
-------------------------------------------------------------
nonlinear iteration : 68
current obj : 3.068242e+09, grad_norm : 4.055839e+10, feas_norm: 5.844640e-07
krylov_tol : 9.500000e-03 
-------------------------------------------------------------
nonlinear iteration : 69
current obj : 3.068242e+09, grad_norm : 4.055839e+10, feas_norm: 4.442004e-07
krylov_tol : 9.500000e-03 
-------------------------------------------------------------
nonlinear iteration : 70
current obj : 3.068235e+09, grad_norm : 4.055834e+10, feas_norm: 2.659730e-07
krylov_tol : 9.500000e-03 
