krylov_tolerance : 1.000000e-02,  des_tol : 1.000000e-06
initial grad_norm : 1.341641e+01,  target grad_norm : 1.341641e-05
initial feas_norm : 1.000000e+01,  target feas_norm : 1.000000e-05
-------------------------------------------------------------
nonlinear iteration : 1
current obj : 9.000000e+01, grad_norm : 1.341641e+01, feas_norm: 1.000000e+01
mu : 10.000000, 
norm(lambda, Inf): 0.000000  
krylov_tol : 9.500000e-03 
-------------------------------------------------------------
nonlinear iteration : 2
current obj : 8.629980e+01, grad_norm : 1.975350e+01, feas_norm: 9.469623e+00
mu : 10.000000, 
norm(lambda, Inf): 5.784769  
krylov_tol : 9.500000e-03 
-------------------------------------------------------------
nonlinear iteration : 3
current obj : 8.299335e+01, grad_norm : 1.926655e+01, feas_norm: 8.968163e+00
mu : 10.000000, 
norm(lambda, Inf): 5.771216  
krylov_tol : 9.500000e-03 
-------------------------------------------------------------
nonlinear iteration : 4
current obj : 7.683256e+01, grad_norm : 1.818030e+01, feas_norm: 8.043704e+00
mu : 10.000000, 
norm(lambda, Inf): 5.774272  
krylov_tol : 9.500000e-03 
-------------------------------------------------------------
nonlinear iteration : 5
current obj : 6.827278e+01, grad_norm : 1.564816e+01, feas_norm: 6.370773e+00
mu : 10.000000, 
norm(lambda, Inf): 5.776235  
krylov_tol : 9.500000e-03 
-------------------------------------------------------------
nonlinear iteration : 6
current obj : 7.056563e+01, grad_norm : 1.001869e+01, feas_norm: 3.383038e+00
mu : 10.000000, 
norm(lambda, Inf): 5.783280  
krylov_tol : 7.552018e-03 
-------------------------------------------------------------
nonlinear iteration : 7
current obj : 1.106910e+02, grad_norm : 3.976913e-02, feas_norm: 1.533344e-02
mu : 10.000000, 
norm(lambda, Inf): 5.786562  
krylov_tol : 4.794627e-04 
-------------------------------------------------------------
nonlinear iteration : 8
current obj : 1.107822e+02, grad_norm : 1.901244e-03, feas_norm: 3.200631e-03
mu : 10.000000, 
norm(lambda, Inf): 5.786905  
krylov_tol : 2.968165e-03 
-------------------------------------------------------------
nonlinear iteration : 9
current obj : 1.107991e+02, grad_norm : 8.800215e-06, feas_norm: 1.543178e-06
mu : 10.000000, 
norm(lambda, Inf): 5.786904  

-------------------------------------------------------------
optimization loop terminated because: grad_norm < grad_tol && feas_norm < feas_tol
outer iter: 9, f: 110.799115, c: -0.000000, c: 0.000000, c: -0.000000, c: 0.000000, c: -0.000000, c: 0.000000, c: -0.000000, c: -0.000000, c: -0.000000, c: 0.000000, c: 0.000000, c: -0.000000, c: 0.000000, c: 0.000000, c: 0.000000, c: 0.000000, c: -0.000000, c: -0.000000, c: -0.000000, c: -0.000000, c: -0.000000, c: 0.000000, c: 0.000000, c: 0.000000, c: -0.000000, c: 0.000000, c: -0.000000, c: 0.000000, c: 0.000000, c: 0.000000, c: 0.000000, c: 0.000000, c: 0.000000, c: -0.000000, c: -0.000000, c: -0.000000, c: 0.000000, c: -0.000000, c: 0.000000, c: 0.000000, c: -0.000000, c: 0.000000, c: -0.000000, c: -0.000000, c: 0.000000, c: 0.000000, c: 0.000000, c: -0.000000, c: 0.000000, c: -0.000000, c: 0.000000, c: 0.000000, c: 0.000000, c: -0.000000, c: 0.000000, c: 0.000000, c: 0.000000, c: -0.000000, c: 0.000000, c: 0.000000, c: -0.000000, c: -0.000000, c: -0.000000, c: 0.000000, c: 0.000000, c: 0.000000, c: 0.000000, c: 0.000000, c: 0.000000, c: 0.000000, c: -0.000000, c: -0.000000, c: 0.000000, c: -0.000000, c: -0.000000, c: -0.000000, c: 0.000000, c: -0.000000, c: 0.000000, c: 0.000000, c: -0.000000, c: -0.000000, c: 0.000000, c: 0.000000, c: 0.000000, c: 0.000000, c: 0.000000, c: 0.000000, c: 0.000000, c: -0.000000, c: 0.000000, c: -0.000000, c: 0.000000, c: 0.000000, c: -0.000000, c: 0.000000, c: 0.000000, c: 0.000000, c: -0.000000, c: 0.000000, grad_norm : 8.800215e-06, feas_norm: 1.543178e-06 
krylov_tol : 1.448327e+00 

 xk: 1.000000, 
 xk: 1.000000, 
 xk: 1.000000, 
 xk: -0.213652, 
 xk: 1.000000, 
 xk: -0.927303, 
 xk: 1.000001, 
 xk: -1.335738, 
 xk: 1.000000, 
 xk: -1.523308, 
 xk: 0.999999, 
 xk: -1.523308, 
 xk: 1.000000, 
 xk: -1.335738, 
 xk: 1.000001, 
 xk: -0.927303, 
 xk: 0.999999, 
 xk: -0.213652, 
 xk: -0.213652, 
 xk: 1.000000, 
 xk: 0.286348, 
 xk: 0.286348, 
 xk: 0.591565, 
 xk: -0.232519, 
 xk: 0.812431, 
 xk: -0.556604, 
 xk: 1.000000, 
 xk: -0.710877, 
 xk: 1.187569, 
 xk: -0.710877, 
 xk: 1.408435, 
 xk: -0.556604, 
 xk: 1.713652, 
 xk: -0.232519, 
 xk: 2.213651, 
 xk: 0.286348, 
 xk: -0.927303, 
 xk: 1.000000, 
 xk: -0.232519, 
 xk: 0.591565, 
 xk: 0.267481, 
 xk: 0.267481, 
 xk: 0.658158, 
 xk: 0.052719, 
 xk: 1.000000, 
 xk: -0.052719, 
 xk: 1.341842, 
 xk: -0.052719, 
 xk: 1.732519, 
 xk: 0.052719, 
 xk: 2.232519, 
 xk: 0.267481, 
 xk: 2.927303, 
 xk: 0.591565, 
 xk: -1.335738, 
 xk: 1.000001, 
 xk: -0.556604, 
 xk: 0.812431, 
 xk: 0.052719, 
 xk: 0.658158, 
 xk: 0.552719, 
 xk: 0.552719, 
 xk: 1.000000, 
 xk: 0.500000, 
 xk: 1.447281, 
 xk: 0.500000, 
 xk: 1.947281, 
 xk: 0.552719, 
 xk: 2.556604, 
 xk: 0.658158, 
 xk: 3.335738, 
 xk: 0.812431, 
 xk: -1.523308, 
 xk: 1.000000, 
 xk: -0.710877, 
 xk: 1.000000, 
 xk: -0.052719, 
 xk: 1.000000, 
 xk: 0.500000, 
 xk: 1.000000, 
 xk: 1.000000, 
 xk: 1.000000, 
 xk: 1.500000, 
 xk: 1.000000, 
 xk: 2.052719, 
 xk: 1.000000, 
 xk: 2.710877, 
 xk: 1.000000, 
 xk: 3.523307, 
 xk: 1.000000, 
 xk: -1.523308, 
 xk: 0.999999, 
 xk: -0.710877, 
 xk: 1.187569, 
 xk: -0.052719, 
 xk: 1.341842, 
 xk: 0.500000, 
 xk: 1.447281, 
 xk: 1.000000, 
 xk: 1.500000, 
 xk: 1.500000, 
 xk: 1.500000, 
 xk: 2.052719, 
 xk: 1.447281, 
 xk: 2.710877, 
 xk: 1.341842, 
 xk: 3.523308, 
 xk: 1.187569, 
 xk: -1.335738, 
 xk: 1.000000, 
 xk: -0.556604, 
 xk: 1.408435, 
 xk: 0.052719, 
 xk: 1.732519, 
 xk: 0.552719, 
 xk: 1.947281, 
 xk: 1.000000, 
 xk: 2.052719, 
 xk: 1.447281, 
 xk: 2.052719, 
 xk: 1.947281, 
 xk: 1.947281, 
 xk: 2.556604, 
 xk: 1.732519, 
 xk: 3.335738, 
 xk: 1.408435, 
 xk: -0.927303, 
 xk: 1.000001, 
 xk: -0.232519, 
 xk: 1.713652, 
 xk: 0.267481, 
 xk: 2.232519, 
 xk: 0.658158, 
 xk: 2.556604, 
 xk: 1.000000, 
 xk: 2.710877, 
 xk: 1.341842, 
 xk: 2.710877, 
 xk: 1.732519, 
 xk: 2.556604, 
 xk: 2.232519, 
 xk: 2.232519, 
 xk: 2.927303, 
 xk: 1.713652, 
 xk: -0.213652, 
 xk: 0.999999, 
 xk: 0.286348, 
 xk: 2.213651, 
 xk: 0.591565, 
 xk: 2.927303, 
 xk: 0.812431, 
 xk: 3.335738, 
 xk: 1.000000, 
 xk: 3.523307, 
 xk: 1.187569, 
 xk: 3.523308, 
 xk: 1.408435, 
 xk: 3.335738, 
 xk: 1.713652, 
 xk: 2.927303, 
 xk: 2.213652, 
 xk: 2.213652, 
 xk: 1.000000, 
 xk: 1.000000, 
 xk: 1.000000, 
 xk: 1.000000, 
 xk: 1.000000, 
 xk: 1.000000, 
 xk: 1.000000, 
 xk: 1.000000, 
 xk: 1.000000, 
 xk: 1.000000, 
 xk: 1.000000, 
 xk: 1.000000, 
 xk: 1.000000, 
 xk: 1.000000, 
 xk: 1.000000, 
 xk: 1.000000, 
 xk: 1.000000, 
 xk: 1.000000, 
 xk: -0.500000, 
 xk: 0.500000, 
 xk: 1.213652, 
 xk: 3.213651, 
 xk: 1.927303, 
 xk: 3.927303, 
 xk: 2.335737, 
 xk: 4.335739, 
 xk: 2.523308, 
 xk: 4.523307, 
 xk: 2.523309, 
 xk: 4.523308, 
 xk: 2.335737, 
 xk: 4.335738, 
 xk: 1.927302, 
 xk: 3.927303, 
 xk: 1.213653, 
 xk: 3.213652, 
 xk: 0.500000, 
 xk: 1.500000, 
 xk: -0.500000, 
 xk: 0.500000, 
 xk: 1.213652, 
 xk: 3.213651, 
 xk: 1.927303, 
 xk: 3.927303, 
 xk: 2.335737, 
 xk: 4.335739, 
 xk: 2.523308, 
 xk: 4.523307, 
 xk: 2.523309, 
 xk: 4.523308, 
 xk: 2.335737, 
 xk: 4.335738, 
 xk: 1.927302, 
 xk: 3.927303, 
 xk: 1.213653, 
 xk: 3.213652, 
 xk: 0.500000, 
 xk: 1.500000, 